Using pre-set license
Built from '2020.2/release' branch; Version is '2020.2.1f1 (270dd8c3da1c) revision 2559448'; Using compiler version '192528614'; Build Type 'Release'
OS: 'Windows 10  (10.0.0) 64bit' Language: 'pl' Physical Memory: 16296 MB
BatchMode: 1, IsHumanControllingUs: 0, StartBugReporterOnCrash: 0, Is64bit: 1, IsPro: 0

 COMMAND LINE ARGUMENTS:
C:\Program Files\Unity\Hub\Editor\2020.2.1f1\Editor\Unity.exe
-adb2
-batchMode
-noUpm
-name
AssetImportWorker0
-projectPath
D:/Projekty W Unity/II Klasa/Projekty W Unity
-logFile
Logs/AssetImportWorker0.log
-srvPort
50766
Successfully changed project path to: D:/Projekty W Unity/II Klasa/Projekty W Unity
D:/Projekty W Unity/II Klasa/Projekty W Unity
Using Asset Import Pipeline V2.
Refreshing native plugins compatible for Editor in 34.23 ms, found 0 plugins.
Preloading 0 native plugins for Editor in 0.00 ms.
Initialize engine version: 2020.2.1f1 (270dd8c3da1c)
[Subsystems] Discovering subsystems at path C:/Program Files/Unity/Hub/Editor/2020.2.1f1/Editor/Data/Resources/UnitySubsystems
[Subsystems] Discovering subsystems at path D:/Projekty W Unity/II Klasa/Projekty W Unity/Assets
GfxDevice: creating device client; threaded=0
Direct3D:
    Version:  Direct3D 11.0 [level 11.1]
    Renderer: NVIDIA GeForce GTX 1060 6GB (ID=0x1c03)
    Vendor:   
    VRAM:     6052 MB
    Driver:   27.21.14.6109
Shader 'Custom/AdditiveTintable': fallback shader 'Particles/Additive (Soft)' not found
Initialize mono
Mono path[0] = 'C:/Program Files/Unity/Hub/Editor/2020.2.1f1/Editor/Data/Managed'
Mono path[1] = 'C:/Program Files/Unity/Hub/Editor/2020.2.1f1/Editor/Data/MonoBleedingEdge/lib/mono/unityjit'
Mono config path = 'C:/Program Files/Unity/Hub/Editor/2020.2.1f1/Editor/Data/MonoBleedingEdge/etc'
Using monoOptions --debugger-agent=transport=dt_socket,embedding=1,server=y,suspend=n,address=127.0.0.1:56956
Begin MonoManager ReloadAssembly
Registering precompiled unity dll's ...
Register platform support module: C:/Program Files/Unity/Hub/Editor/2020.2.1f1/Editor/Data/PlaybackEngines/WindowsStandaloneSupport/UnityEditor.WindowsStandalone.Extensions.dll
Registered in 0.017729 seconds.
Native extension for WindowsStandalone target not found
Refreshing native plugins compatible for Editor in 32.98 ms, found 0 plugins.
Preloading 0 native plugins for Editor in 0.00 ms.
Invoked RoslynAnalysisRunner static constructor.
RoslynAnalysisRunner will not be running.
RoslynAnalysisRunner has terminated.
Mono: successfully reloaded assembly
- Completed reload, in  4.252 seconds
Platform modules already initialized, skipping
Registering precompiled user dll's ...
Registered in 0.001869 seconds.
Begin MonoManager ReloadAssembly
Native extension for WindowsStandalone target not found
Refreshing native plugins compatible for Editor in 0.44 ms, found 0 plugins.
Preloading 0 native plugins for Editor in 0.00 ms.
Invoked RoslynAnalysisRunner static constructor.
RoslynAnalysisRunner will not be running.
RoslynAnalysisRunner has terminated.
Mono: successfully reloaded assembly
- Completed reload, in  1.590 seconds
Platform modules already initialized, skipping
========================================================================
Worker process is ready to serve import requests
Shader 'Custom/AdditiveTintable': fallback shader 'Particles/Additive (Soft)' not found
Launched and connected shader compiler UnityShaderCompiler.exe after 0.15 seconds
Refreshing native plugins compatible for Editor in 0.22 ms, found 0 plugins.
Preloading 0 native plugins for Editor in 0.00 ms.
Unloading 1129 Unused Serialized files (Serialized files now loaded: 0)
System memory in use before: 59.8 MB.
System memory in use after: 59.8 MB.

Unloading 9 unused Assets to reduce memory usage. Loaded Objects now: 1578.
Total: 2.103100 ms (FindLiveObjects: 0.243800 ms CreateObjectMapping: 0.277100 ms MarkObjects: 1.514900 ms  DeleteObjects: 0.064900 ms)

========================================================================
Received Import Request.
  path: Assets/RPG Animator/Animations/Movement/Animation of Walking Backwards.fbx
  artifactKey: Guid(2e01b40507e069242b67e5e599cadf7b) Importer(815301076,1909f56bfc062723c751e8b465ee728b)
Start importing Assets/RPG Animator/Animations/Movement/Animation of Walking Backwards.fbx using Guid(2e01b40507e069242b67e5e599cadf7b) Importer(815301076,1909f56bfc062723c751e8b465ee728b)  -> (artifact id: 'f35c9eb97eb3f33032e79bbda89b2ef9') in 0.189304 seconds
  Import took 0.192057 seconds .

========================================================================
Received Import Request.
  Time since last request: 27.761721 seconds.
  path: Assets/RPG Animator/Animations/Movement/Animation of Walking Backwards.fbx
  artifactKey: Guid(2e01b40507e069242b67e5e599cadf7b) Importer(815301076,1909f56bfc062723c751e8b465ee728b)
Start importing Assets/RPG Animator/Animations/Movement/Animation of Walking Backwards.fbx using Guid(2e01b40507e069242b67e5e599cadf7b) Importer(815301076,1909f56bfc062723c751e8b465ee728b)  -> (artifact id: '5af76816316578131000be4c73885236') in 0.031905 seconds
  Import took 0.036890 seconds .

========================================================================
Received Import Request.
  Time since last request: 25.597661 seconds.
  path: Assets/RPG Animator/Animations/Movement/Animation of Walking Backwards.fbx
  artifactKey: Guid(2e01b40507e069242b67e5e599cadf7b) Importer(815301076,1909f56bfc062723c751e8b465ee728b)
Start importing Assets/RPG Animator/Animations/Movement/Animation of Walking Backwards.fbx using Guid(2e01b40507e069242b67e5e599cadf7b) Importer(815301076,1909f56bfc062723c751e8b465ee728b)  -> (artifact id: 'fdebec0baa0ef85887a072a336443045') in 0.030256 seconds
  Import took 0.041729 seconds .

========================================================================
Received Prepare
Registering precompiled user dll's ...
Registered in 0.002064 seconds.
Begin MonoManager ReloadAssembly
Native extension for WindowsStandalone target not found
Refreshing native plugins compatible for Editor in 0.25 ms, found 0 plugins.
Preloading 0 native plugins for Editor in 0.00 ms.
Invoked RoslynAnalysisRunner static constructor.
RoslynAnalysisRunner will not be running.
RoslynAnalysisRunner has terminated.
Mono: successfully reloaded assembly
- Completed reload, in  1.805 seconds
Platform modules already initialized, skipping
Shader 'Custom/AdditiveTintable': fallback shader 'Particles/Additive (Soft)' not found
Refreshing native plugins compatible for Editor in 1.70 ms, found 0 plugins.
Preloading 0 native plugins for Editor in 0.00 ms.
Unloading 1111 Unused Serialized files (Serialized files now loaded: 0)
System memory in use before: 59.2 MB.
System memory in use after: 59.3 MB.

Unloading 4 unused Assets to reduce memory usage. Loaded Objects now: 1580.
Total: 3.511200 ms (FindLiveObjects: 0.140600 ms CreateObjectMapping: 0.036800 ms MarkObjects: 3.311600 ms  DeleteObjects: 0.020200 ms)

========================================================================
Received Import Request.
  Time since last request: 263.580276 seconds.
  path: Assets/Scripts/Scripts for RPG Animator/PlayerFunctionsMangament.cs
  artifactKey: Guid(d9f4fdec1e9d3974196cfade12522683) Importer(815301076,1909f56bfc062723c751e8b465ee728b)
Start importing Assets/Scripts/Scripts for RPG Animator/PlayerFunctionsMangament.cs using Guid(d9f4fdec1e9d3974196cfade12522683) Importer(815301076,1909f56bfc062723c751e8b465ee728b)  -> (artifact id: '258426d7561ca4e62bdec2899a29389a') in 0.037130 seconds
  Import took 0.039811 seconds .

========================================================================
Received Import Request.
  Time since last request: 0.011428 seconds.
  path: Assets/Scripts/Scripts for RPG Animator/PlayerFunctionsMangament.cs
  artifactKey: Guid(d9f4fdec1e9d3974196cfade12522683) Importer(815301076,1909f56bfc062723c751e8b465ee728b)
Start importing Assets/Scripts/Scripts for RPG Animator/PlayerFunctionsMangament.cs using Guid(d9f4fdec1e9d3974196cfade12522683) Importer(815301076,1909f56bfc062723c751e8b465ee728b)  -> (artifact id: '258426d7561ca4e62bdec2899a29389a') in 0.014646 seconds
  Import took 0.018958 seconds .

========================================================================
Received Prepare
Registering precompiled user dll's ...
Registered in 0.012255 seconds.
Begin MonoManager ReloadAssembly
Native extension for WindowsStandalone target not found
Refreshing native plugins compatible for Editor in 0.23 ms, found 0 plugins.
Preloading 0 native plugins for Editor in 0.00 ms.
Invoked RoslynAnalysisRunner static constructor.
RoslynAnalysisRunner will not be running.
RoslynAnalysisRunner has terminated.
Mono: successfully reloaded assembly
- Completed reload, in  2.543 seconds
Platform modules already initialized, skipping
Shader 'Custom/AdditiveTintable': fallback shader 'Particles/Additive (Soft)' not found
Refreshing native plugins compatible for Editor in 0.29 ms, found 0 plugins.
Preloading 0 native plugins for Editor in 0.00 ms.
Unloading 1111 Unused Serialized files (Serialized files now loaded: 0)
System memory in use before: 59.3 MB.
System memory in use after: 59.4 MB.

Unloading 4 unused Assets to reduce memory usage. Loaded Objects now: 1582.
Total: 18.122700 ms (FindLiveObjects: 0.234100 ms CreateObjectMapping: 0.042700 ms MarkObjects: 17.824100 ms  DeleteObjects: 0.019900 ms)

========================================================================
Received Prepare
Registering precompiled user dll's ...
Registered in 0.001882 seconds.
Begin MonoManager ReloadAssembly
Native extension for WindowsStandalone target not found
Refreshing native plugins compatible for Editor in 0.22 ms, found 0 plugins.
Preloading 0 native plugins for Editor in 0.00 ms.
Invoked RoslynAnalysisRunner static constructor.
RoslynAnalysisRunner will not be running.
RoslynAnalysisRunner has terminated.
Mono: successfully reloaded assembly
- Completed reload, in  1.237 seconds
Platform modules already initialized, skipping
Shader 'Custom/AdditiveTintable': fallback shader 'Particles/Additive (Soft)' not found
Refreshing native plugins compatible for Editor in 0.24 ms, found 0 plugins.
Preloading 0 native plugins for Editor in 0.00 ms.
Unloading 1111 Unused Serialized files (Serialized files now loaded: 0)
System memory in use before: 60.1 MB.
System memory in use after: 60.2 MB.

Unloading 4 unused Assets to reduce memory usage. Loaded Objects now: 1584.
Total: 2.563400 ms (FindLiveObjects: 0.138300 ms CreateObjectMapping: 0.042300 ms MarkObjects: 2.352700 ms  DeleteObjects: 0.029100 ms)

AssetImportWorkerClient::OnTransportError - code=2 error=End of file
